app/build/intermediates/manifest_merge_blame_file/release/manifest-merger-blame-release-report.txt
1<?xml version="1.0" encoding="utf-8"?>
2<manifest xmlns:android="http://schemas.android.com/apk/res/android"
3    package="com.strangequark.musicplayer"
4    android:versionCode="1"
5    android:versionName="1.0" >
6
7    <uses-sdk
8        android:minSdkVersion="20"
8-->src\main\AndroidManifest.xml
9        android:targetSdkVersion="30" />
9-->src\main\AndroidManifest.xml
10
11    <uses-permission android:name="android.permission.READ_EXTERNAL_STORAGE" />
11-->src\main\AndroidManifest.xml:5:5-79
11-->src\main\AndroidManifest.xml:5:22-77
12    <uses-permission android:name="android.permission.WAKE_LOCK" />
12-->src\main\AndroidManifest.xml:6:5-67
12-->src\main\AndroidManifest.xml:6:22-65
13    <uses-permission android:name="android.permission.FOREGROUND_SERVICE" />
13-->src\main\AndroidManifest.xml:7:5-76
13-->src\main\AndroidManifest.xml:7:22-74
14
15    <application
15-->src\main\AndroidManifest.xml:9:5-34:19
16        android:allowBackup="true"
16-->src\main\AndroidManifest.xml:11:9-35
17        android:appComponentFactory="androidx.core.app.CoreComponentFactory"
17-->[androidx.core:core:1.3.1] AndroidManifest.xml:24:18-86
18        android:icon="@mipmap/ic_launcher"
18-->src\main\AndroidManifest.xml:12:9-43
19        android:label="@string/app_name"
19-->src\main\AndroidManifest.xml:13:9-41
20        android:requestLegacyExternalStorage="true"
20-->src\main\AndroidManifest.xml:10:9-52
21        android:roundIcon="@mipmap/ic_launcher_round"
21-->src\main\AndroidManifest.xml:14:9-54
22        android:supportsRtl="true"
22-->src\main\AndroidManifest.xml:15:9-35
23        android:theme="@style/Theme.MusicPlayer" >
23-->src\main\AndroidManifest.xml:16:9-49
24        <activity android:name="com.strangequark.musicplayer.MainActivity" >
24-->src\main\AndroidManifest.xml:17:9-23:20
24-->src\main\AndroidManifest.xml:17:19-47
25            <intent-filter>
25-->src\main\AndroidManifest.xml:18:13-22:29
26                <action android:name="android.intent.action.MAIN" />
26-->src\main\AndroidManifest.xml:19:17-69
26-->src\main\AndroidManifest.xml:19:25-66
27
28                <category android:name="android.intent.category.LAUNCHER" />
28-->src\main\AndroidManifest.xml:21:17-77
28-->src\main\AndroidManifest.xml:21:27-74
29            </intent-filter>
30        </activity>
31        <activity
31-->src\main\AndroidManifest.xml:25:9-125
32            android:name="com.strangequark.musicplayer.MediaPlayerActivity"
32-->src\main\AndroidManifest.xml:25:19-54
33            android:launchMode="singleTop"
33-->src\main\AndroidManifest.xml:25:93-123
34            android:screenOrientation="portrait" />
34-->src\main\AndroidManifest.xml:25:56-92
35        <activity
35-->src\main\AndroidManifest.xml:27:9-91
36            android:name="com.strangequark.musicplayer.PlaylistActivity"
36-->src\main\AndroidManifest.xml:27:19-51
37            android:screenOrientation="portrait" />
37-->src\main\AndroidManifest.xml:27:53-89
38
39        <service
39-->src\main\AndroidManifest.xml:29:9-33:43
40            android:name="com.strangequark.musicplayer.MyService"
40-->src\main\AndroidManifest.xml:30:13-38
41            android:enabled="true"
41-->src\main\AndroidManifest.xml:31:13-35
42            android:exported="false"
42-->src\main\AndroidManifest.xml:32:13-37
43            android:stopWithTask="false" />
43-->src\main\AndroidManifest.xml:33:13-41
44    </application>
45
46</manifest>